<?xml version="1.0" encoding="UTF-8"?>
<testsuite xmlns:xsi="http://www.w3.org/2001/XMLSchema-instance" xsi:schemaLocation="https://maven.apache.org/surefire/maven-surefire-plugin/xsd/surefire-test-report.xsd" name="ru.CarServiceTest" time="0.44" tests="2" errors="1" skipped="0" failures="0">
  <properties>
[...]
</properties>
  <testcase name="getCar" classname="ru.CarServiceTest" time="0.366">
    <error message="No value present" type="java.util.NoSuchElementException">java.util.NoSuchElementException: No value present
	at ru.CarServiceTest.getCar(CarServiceTest.java:71)
</error>
  </testcase>
  <testcase name="getCarsTest" classname="ru.CarServiceTest" time="0.01"/>
</testsuite>